[2014-07-31 18:08:50] production.ERROR: exception 'InvalidArgumentException' with message 'View [emails.partials.head] not found.' in /homepages/45/d262055031/htdocs/fipraiwo/vendor/laravel/framework/src/Illuminate/View/FileViewFinder.php:139
Stack trace:
#0 /homepages/45/d262055031/htdocs/fipraiwo/vendor/laravel/framework/src/Illuminate/View/FileViewFinder.php(76): Illuminate\View\FileViewFinder->findInPaths('emails.partials...', Array)
#1 /homepages/45/d262055031/htdocs/fipraiwo/vendor/laravel/framework/src/Illuminate/View/Environment.php(115): Illuminate\View\FileViewFinder->find('emails.partials...')
#2 /homepages/45/d262055031/htdocs/fipraiwo/app/storage/views/3264f0515e7f290fa67ac0d4378966a3(3): Illuminate\View\Environment->make('emails.partials...', Array)
#3 /homepages/45/d262055031/htdocs/fipraiwo/vendor/laravel/framework/src/Illuminate/View/Engines/PhpEngine.php(37): include('/homepages/45/d...')
#4 /homepages/45/d262055031/htdocs/fipraiwo/vendor/laravel/framework/src/Illuminate/View/Engines/CompilerEngine.php(56): Illuminate\View\Engines\PhpEngine->evaluatePath('/homepages/45/d...', Array)
#5 /homepages/45/d262055031/htdocs/fipraiwo/vendor/laravel/framework/src/Illuminate/View/View.php(134): Illuminate\View\Engines\CompilerEngine->get('/homepages/45/d...', Array)
#6 /homepages/45/d262055031/htdocs/fipraiwo/vendor/laravel/framework/src/Illuminate/View/View.php(102): Illuminate\View\View->getContents()
#7 /homepages/45/d262055031/htdocs/fipraiwo/vendor/laravel/framework/src/Illuminate/View/View.php(76): Illuminate\View\View->renderContents()
#8 /homepages/45/d262055031/htdocs/fipraiwo/vendor/laravel/framework/src/Illuminate/Mail/Mailer.php(382): Illuminate\View\View->render()
#9 /homepages/45/d262055031/htdocs/fipraiwo/vendor/laravel/framework/src/Illuminate/Mail/Mailer.php(255): Illuminate\Mail\Mailer->getView('emails.manage.c...', Array)
#10 /homepages/45/d262055031/htdocs/fipraiwo/vendor/laravel/framework/src/Illuminate/Mail/Mailer.php(130): Illuminate\Mail\Mailer->addContent(Object(Illuminate\Mail\Message), 'emails.manage.c...', NULL, Array)
#11 /homepages/45/d262055031/htdocs/fipraiwo/vendor/laravel/framework/src/Illuminate/Support/Facades/Facade.php(214): Illuminate\Mail\Mailer->send('emails.manage.c...', Array, Object(Closure))
#12 /homepages/45/d262055031/htdocs/fipraiwo/app/lib/Iwo/Mailer/Mailer.php(22): Illuminate\Support\Facades\Facade::__callStatic('send', Array)
#13 /homepages/45/d262055031/htdocs/fipraiwo/app/lib/Iwo/Mailer/Mailer.php(22): Illuminate\Support\Facades\Mail::send('emails.manage.c...', Array, Object(Closure))
#14 /homepages/45/d262055031/htdocs/fipraiwo/app/lib/Iwo/Mailer/Mailer.php(37): Iwo\Mailer\Mailer->sendEmail('james.kontargyr...', 'Internal Work O...', 'emails.manage.c...', Array, Array)
#15 /homepages/45/d262055031/htdocs/fipraiwo/app/lib/Iwo/Workers/SendEmail.php(19): Iwo\Mailer\Mailer->sendTo('james.kontargyr...', 'Internal Work O...', 'emails.manage.c...', Array, Array)
#16 /homepages/45/d262055031/htdocs/fipraiwo/app/lib/Iwo/Workers/SendEmail.php(88): Iwo\Workers\SendEmail->send('james.kontargyr...', 'Internal Work O...', 'emails.manage.c...', Array)
#17 /homepages/45/d262055031/htdocs/fipraiwo/vendor/laravel/framework/src/Illuminate/Queue/Jobs/Job.php(96): Iwo\Workers\SendEmail->iwo_confirmed(Object(Illuminate\Queue\Jobs\IronJob), Array)
#18 /homepages/45/d262055031/htdocs/fipraiwo/vendor/laravel/framework/src/Illuminate/Queue/Jobs/IronJob.php(57): Illuminate\Queue\Jobs\Job->resolveAndFire(Array)
#19 /homepages/45/d262055031/htdocs/fipraiwo/vendor/laravel/framework/src/Illuminate/Queue/IronQueue.php(159): Illuminate\Queue\Jobs\IronJob->fire()
#20 [internal function]: Illuminate\Queue\IronQueue->marshal()
#21 /homepages/45/d262055031/htdocs/fipraiwo/vendor/laravel/framework/src/Illuminate/Queue/QueueManager.php(186): call_user_func_array(Array, Array)
#22 /homepages/45/d262055031/htdocs/fipraiwo/vendor/laravel/framework/src/Illuminate/Support/Facades/Facade.php(205): Illuminate\Queue\QueueManager->__call('marshal', Array)
#23 /homepages/45/d262055031/htdocs/fipraiwo/vendor/laravel/framework/src/Illuminate/Support/Facades/Facade.php(205): Illuminate\Queue\QueueManager->marshal()
#24 /homepages/45/d262055031/htdocs/fipraiwo/app/routes.php(25): Illuminate\Support\Facades\Facade::__callStatic('marshal', Array)
#25 /homepages/45/d262055031/htdocs/fipraiwo/app/routes.php(25): Illuminate\Support\Facades\Queue::marshal()
#26 [internal function]: {closure}()
#27 /homepages/45/d262055031/htdocs/fipraiwo/vendor/laravel/framework/src/Illuminate/Routing/Route.php(105): call_user_func_array(Object(Closure), Array)
#28 /homepages/45/d262055031/htdocs/fipraiwo/vendor/laravel/framework/src/Illuminate/Routing/Router.php(1000): Illuminate\Routing\Route->run(Object(Illuminate\Http\Request))
#29 /homepages/45/d262055031/htdocs/fipraiwo/vendor/laravel/framework/src/Illuminate/Routing/Router.php(968): Illuminate\Routing\Router->dispatchToRoute(Object(Illuminate\Http\Request))
#30 /homepages/45/d262055031/htdocs/fipraiwo/vendor/laravel/framework/src/Illuminate/Foundation/Application.php(738): Illuminate\Routing\Router->dispatch(Object(Illuminate\Http\Request))
#31 /homepages/45/d262055031/htdocs/fipraiwo/vendor/laravel/framework/src/Illuminate/Foundation/Application.php(708): Illuminate\Foundation\Application->dispatch(Object(Illuminate\Http\Request))
#32 /homepages/45/d262055031/htdocs/fipraiwo/vendor/laravel/framework/src/Illuminate/Http/FrameGuard.php(38): Illuminate\Foundation\Application->handle(Object(Illuminate\Http\Request), 1, true)
#33 /homepages/45/d262055031/htdocs/fipraiwo/vendor/laravel/framework/src/Illuminate/Session/Middleware.php(72): Illuminate\Http\FrameGuard->handle(Object(Illuminate\Http\Request), 1, true)
#34 /homepages/45/d262055031/htdocs/fipraiwo/vendor/laravel/framework/src/Illuminate/Cookie/Queue.php(47): Illuminate\Session\Middleware->handle(Object(Illuminate\Http\Request), 1, true)
#35 /homepages/45/d262055031/htdocs/fipraiwo/vendor/laravel/framework/src/Illuminate/Cookie/Guard.php(51): Illuminate\Cookie\Queue->handle(Object(Illuminate\Http\Request), 1, true)
#36 /homepages/45/d262055031/htdocs/fipraiwo/vendor/stack/builder/src/Stack/StackedHttpKernel.php(23): Illuminate\Cookie\Guard->handle(Object(Illuminate\Http\Request), 1, true)
#37 /homepages/45/d262055031/htdocs/fipraiwo/vendor/laravel/framework/src/Illuminate/Foundation/Application.php(606): Stack\StackedHttpKernel->handle(Object(Illuminate\Http\Request))
#38 /homepages/45/d262055031/htdocs/fipraiwo/public/index.php(49): Illuminate\Foundation\Application->run()
#39 {main}

Next exception 'ErrorException' with message 'View [emails.partials.head] not found. (View: /homepages/45/d262055031/htdocs/fipraiwo/app/views/emails/manage/confirm.blade.php)' in /homepages/45/d262055031/htdocs/fipraiwo/vendor/laravel/framework/src/Illuminate/View/FileViewFinder.php:139
Stack trace:
#0 /homepages/45/d262055031/htdocs/fipraiwo/vendor/laravel/framework/src/Illuminate/View/Engines/PhpEngine.php(41): Illuminate\View\Engines\CompilerEngine->handleViewException(Object(InvalidArgumentException))
#1 /homepages/45/d262055031/htdocs/fipraiwo/vendor/laravel/framework/src/Illuminate/View/Engines/CompilerEngine.php(56): Illuminate\View\Engines\PhpEngine->evaluatePath('/homepages/45/d...', Array)
#2 /homepages/45/d262055031/htdocs/fipraiwo/vendor/laravel/framework/src/Illuminate/View/View.php(134): Illuminate\View\Engines\CompilerEngine->get('/homepages/45/d...', Array)
#3 /homepages/45/d262055031/htdocs/fipraiwo/vendor/laravel/framework/src/Illuminate/View/View.php(102): Illuminate\View\View->getContents()
#4 /homepages/45/d262055031/htdocs/fipraiwo/vendor/laravel/framework/src/Illuminate/View/View.php(76): Illuminate\View\View->renderContents()
#5 /homepages/45/d262055031/htdocs/fipraiwo/vendor/laravel/framework/src/Illuminate/Mail/Mailer.php(382): Illuminate\View\View->render()
#6 /homepages/45/d262055031/htdocs/fipraiwo/vendor/laravel/framework/src/Illuminate/Mail/Mailer.php(255): Illuminate\Mail\Mailer->getView('emails.manage.c...', Array)
#7 /homepages/45/d262055031/htdocs/fipraiwo/vendor/laravel/framework/src/Illuminate/Mail/Mailer.php(130): Illuminate\Mail\Mailer->addContent(Object(Illuminate\Mail\Message), 'emails.manage.c...', NULL, Array)
#8 /homepages/45/d262055031/htdocs/fipraiwo/vendor/laravel/framework/src/Illuminate/Support/Facades/Facade.php(214): Illuminate\Mail\Mailer->send('emails.manage.c...', Array, Object(Closure))
#9 /homepages/45/d262055031/htdocs/fipraiwo/app/lib/Iwo/Mailer/Mailer.php(22): Illuminate\Support\Facades\Facade::__callStatic('send', Array)
#10 /homepages/45/d262055031/htdocs/fipraiwo/app/lib/Iwo/Mailer/Mailer.php(22): Illuminate\Support\Facades\Mail::send('emails.manage.c...', Array, Object(Closure))
#11 /homepages/45/d262055031/htdocs/fipraiwo/app/lib/Iwo/Mailer/Mailer.php(37): Iwo\Mailer\Mailer->sendEmail('james.kontargyr...', 'Internal Work O...', 'emails.manage.c...', Array, Array)
#12 /homepages/45/d262055031/htdocs/fipraiwo/app/lib/Iwo/Workers/SendEmail.php(19): Iwo\Mailer\Mailer->sendTo('james.kontargyr...', 'Internal Work O...', 'emails.manage.c...', Array, Array)
#13 /homepages/45/d262055031/htdocs/fipraiwo/app/lib/Iwo/Workers/SendEmail.php(88): Iwo\Workers\SendEmail->send('james.kontargyr...', 'Internal Work O...', 'emails.manage.c...', Array)
#14 /homepages/45/d262055031/htdocs/fipraiwo/vendor/laravel/framework/src/Illuminate/Queue/Jobs/Job.php(96): Iwo\Workers\SendEmail->iwo_confirmed(Object(Illuminate\Queue\Jobs\IronJob), Array)
#15 /homepages/45/d262055031/htdocs/fipraiwo/vendor/laravel/framework/src/Illuminate/Queue/Jobs/IronJob.php(57): Illuminate\Queue\Jobs\Job->resolveAndFire(Array)
#16 /homepages/45/d262055031/htdocs/fipraiwo/vendor/laravel/framework/src/Illuminate/Queue/IronQueue.php(159): Illuminate\Queue\Jobs\IronJob->fire()
#17 [internal function]: Illuminate\Queue\IronQueue->marshal()
#18 /homepages/45/d262055031/htdocs/fipraiwo/vendor/laravel/framework/src/Illuminate/Queue/QueueManager.php(186): call_user_func_array(Array, Array)
#19 /homepages/45/d262055031/htdocs/fipraiwo/vendor/laravel/framework/src/Illuminate/Support/Facades/Facade.php(205): Illuminate\Queue\QueueManager->__call('marshal', Array)
#20 /homepages/45/d262055031/htdocs/fipraiwo/vendor/laravel/framework/src/Illuminate/Support/Facades/Facade.php(205): Illuminate\Queue\QueueManager->marshal()
#21 /homepages/45/d262055031/htdocs/fipraiwo/app/routes.php(25): Illuminate\Support\Facades\Facade::__callStatic('marshal', Array)
#22 /homepages/45/d262055031/htdocs/fipraiwo/app/routes.php(25): Illuminate\Support\Facades\Queue::marshal()
#23 [internal function]: {closure}()
#24 /homepages/45/d262055031/htdocs/fipraiwo/vendor/laravel/framework/src/Illuminate/Routing/Route.php(105): call_user_func_array(Object(Closure), Array)
#25 /homepages/45/d262055031/htdocs/fipraiwo/vendor/laravel/framework/src/Illuminate/Routing/Router.php(1000): Illuminate\Routing\Route->run(Object(Illuminate\Http\Request))
#26 /homepages/45/d262055031/htdocs/fipraiwo/vendor/laravel/framework/src/Illuminate/Routing/Router.php(968): Illuminate\Routing\Router->dispatchToRoute(Object(Illuminate\Http\Request))
#27 /homepages/45/d262055031/htdocs/fipraiwo/vendor/laravel/framework/src/Illuminate/Foundation/Application.php(738): Illuminate\Routing\Router->dispatch(Object(Illuminate\Http\Request))
#28 /homepages/45/d262055031/htdocs/fipraiwo/vendor/laravel/framework/src/Illuminate/Foundation/Application.php(708): Illuminate\Foundation\Application->dispatch(Object(Illuminate\Http\Request))
#29 /homepages/45/d262055031/htdocs/fipraiwo/vendor/laravel/framework/src/Illuminate/Http/FrameGuard.php(38): Illuminate\Foundation\Application->handle(Object(Illuminate\Http\Request), 1, true)
#30 /homepages/45/d262055031/htdocs/fipraiwo/vendor/laravel/framework/src/Illuminate/Session/Middleware.php(72): Illuminate\Http\FrameGuard->handle(Object(Illuminate\Http\Request), 1, true)
#31 /homepages/45/d262055031/htdocs/fipraiwo/vendor/laravel/framework/src/Illuminate/Cookie/Queue.php(47): Illuminate\Session\Middleware->handle(Object(Illuminate\Http\Request), 1, true)
#32 /homepages/45/d262055031/htdocs/fipraiwo/vendor/laravel/framework/src/Illuminate/Cookie/Guard.php(51): Illuminate\Cookie\Queue->handle(Object(Illuminate\Http\Request), 1, true)
#33 /homepages/45/d262055031/htdocs/fipraiwo/vendor/stack/builder/src/Stack/StackedHttpKernel.php(23): Illuminate\Cookie\Guard->handle(Object(Illuminate\Http\Request), 1, true)
#34 /homepages/45/d262055031/htdocs/fipraiwo/vendor/laravel/framework/src/Illuminate/Foundation/Application.php(606): Stack\StackedHttpKernel->handle(Object(Illuminate\Http\Request))
#35 /homepages/45/d262055031/htdocs/fipraiwo/public/index.php(49): Illuminate\Foundation\Application->run()
#36 {main} [] []
